2023-03-03 11:58:56,531 INFO org.hibernate.validator.internal.util.Version [background-preinit] HV000001: Hibernate Validator 8.0.0.Final
2023-03-03 11:58:56,573 INFO org.springframework.boot.StartupInfoLogger [main] Starting App using Java 17.0.1 with PID 36479 (/Users/remi/Desktop/employeeApi/backend/target/classes started by remi in /Users/remi/Desktop/employeeApi/backend)
2023-03-03 11:58:56,575 INFO org.springframework.boot.SpringApplication [main] No active profile set, falling back to 1 default profile: "default"
2023-03-03 11:58:57,592 INFO org.springframework.data.repository.config.RepositoryConfigurationDelegate [main] Bootstrapping Spring Data JPA repositories in DEFAULT mode.
2023-03-03 11:58:57,635 INFO org.springframework.data.repository.config.RepositoryConfigurationDelegate [main] Finished Spring Data repository scanning in 36 ms. Found 1 JPA repository interfaces.
2023-03-03 11:58:58,105 INFO org.springframework.boot.web.embedded.tomcat.TomcatWebServer [main] Tomcat initialized with port(s): 8080 (http)
2023-03-03 11:58:58,114 INFO org.apache.juli.logging.DirectJDKLog [main] Initializing ProtocolHandler ["http-nio-8080"]
2023-03-03 11:58:58,115 INFO org.apache.juli.logging.DirectJDKLog [main] Starting service [Tomcat]
2023-03-03 11:58:58,115 INFO org.apache.juli.logging.DirectJDKLog [main] Starting Servlet engine: [Apache Tomcat/10.1.5]
2023-03-03 11:58:58,187 INFO org.apache.juli.logging.DirectJDKLog [main] Initializing Spring embedded WebApplicationContext
2023-03-03 11:58:58,189 INFO org.springframework.boot.web.servlet.context.ServletWebServerApplicationContext [main] Root WebApplicationContext: initialization completed in 1572 ms
2023-03-03 11:58:58,378 INFO org.hibernate.jpa.internal.util.LogHelper [main] HHH000204: Processing PersistenceUnitInfo [name: default]
2023-03-03 11:58:58,429 INFO org.hibernate.Version [main] HHH000412: Hibernate ORM core version 6.1.7.Final
2023-03-03 11:58:58,685 INFO com.zaxxer.hikari.HikariDataSource [main] HikariPool-1 - Starting...
2023-03-03 11:58:59,045 INFO com.zaxxer.hikari.pool.HikariPool [main] HikariPool-1 - Added connection com.mysql.cj.jdbc.ConnectionImpl@252c6cdb
2023-03-03 11:58:59,047 INFO com.zaxxer.hikari.HikariDataSource [main] HikariPool-1 - Start completed.
2023-03-03 11:58:59,066 WARN org.hibernate.dialect.Dialect [main] HHH000511: The 5.0.0 version for [org.hibernate.dialect.MySQL5Dialect] is no longer supported, hence certain features may not work properly. The minimum supported version is 5.7.0. Check the community dialects project for available legacy versions.
2023-03-03 11:58:59,068 INFO org.hibernate.engine.jdbc.dialect.internal.DialectFactoryImpl [main] HHH000400: Using dialect: org.hibernate.dialect.MySQL5Dialect
2023-03-03 11:58:59,069 WARN org.hibernate.engine.jdbc.dialect.internal.DialectFactoryImpl [main] HHH90000026: MySQL5Dialect has been deprecated; use org.hibernate.dialect.MySQLDialect instead
2023-03-03 11:58:59,683 DEBUG org.hibernate.engine.jdbc.spi.SqlStatementLogger [main] drop table if exists employee
2023-03-03 11:58:59,743 DEBUG org.hibernate.engine.jdbc.spi.SqlStatementLogger [main] create table employee (id bigint not null auto_increment, address varchar(255), contract_type varchar(255), deleted bit, email varchar(255), end_date date, first_name varchar(255), last_name varchar(255), middle_name varchar(255), mobile_number varchar(255), start_date date, time_base varchar(255), weekly_hours varchar(255), primary key (id)) engine=MyISAM
2023-03-03 11:58:59,792 INFO org.hibernate.engine.transaction.jta.platform.internal.JtaPlatformInitiator [main] HHH000490: Using JtaPlatform implementation: [org.hibernate.engine.transaction.jta.platform.internal.NoJtaPlatform]
2023-03-03 11:58:59,798 INFO org.springframework.orm.jpa.AbstractEntityManagerFactoryBean [main] Initialized JPA EntityManagerFactory for persistence unit 'default'
2023-03-03 11:59:00,090 WARN org.springframework.boot.autoconfigure.orm.jpa.JpaBaseConfiguration$JpaWebConfiguration [main] spring.jpa.open-in-view is enabled by default. Therefore, database queries may be performed during view rendering. Explicitly configure spring.jpa.open-in-view to disable this warning
2023-03-03 11:59:00,444 INFO org.springframework.boot.actuate.endpoint.web.EndpointLinksResolver [main] Exposing 1 endpoint(s) beneath base path '/actuator'
2023-03-03 11:59:00,494 INFO org.apache.juli.logging.DirectJDKLog [main] Starting ProtocolHandler ["http-nio-8080"]
2023-03-03 11:59:00,509 INFO org.springframework.boot.web.embedded.tomcat.TomcatWebServer [main] Tomcat started on port(s): 8080 (http) with context path ''
2023-03-03 11:59:00,520 INFO org.springframework.boot.StartupInfoLogger [main] Started App in 4.413 seconds (process running for 4.773)
2023-03-03 11:59:00,578 DEBUG org.hibernate.engine.jdbc.spi.SqlStatementLogger [main] insert into employee (address, contract_type, deleted, email, end_date, first_name, last_name, middle_name, mobile_number, start_date, time_base, weekly_hours) values (?, ?, ?, ?, ?, ?, ?, ?, ?, ?, ?, ?)
2023-03-03 11:59:00,609 DEBUG org.hibernate.engine.jdbc.spi.SqlStatementLogger [main] insert into employee (address, contract_type, deleted, email, end_date, first_name, last_name, middle_name, mobile_number, start_date, time_base, weekly_hours) values (?, ?, ?, ?, ?, ?, ?, ?, ?, ?, ?, ?)
2023-03-03 11:59:00,612 DEBUG org.hibernate.engine.jdbc.spi.SqlStatementLogger [main] insert into employee (address, contract_type, deleted, email, end_date, first_name, last_name, middle_name, mobile_number, start_date, time_base, weekly_hours) values (?, ?, ?, ?, ?, ?, ?, ?, ?, ?, ?, ?)
2023-03-03 11:59:00,615 DEBUG org.hibernate.engine.jdbc.spi.SqlStatementLogger [main] insert into employee (address, contract_type, deleted, email, end_date, first_name, last_name, middle_name, mobile_number, start_date, time_base, weekly_hours) values (?, ?, ?, ?, ?, ?, ?, ?, ?, ?, ?, ?)
2023-03-03 11:59:03,539 INFO org.springframework.orm.jpa.AbstractEntityManagerFactoryBean [SpringApplicationShutdownHook] Closing JPA EntityManagerFactory for persistence unit 'default'
2023-03-03 11:59:03,539 INFO org.hibernate.tool.schema.internal.SchemaDropperImpl$DelayedDropActionImpl [SpringApplicationShutdownHook] HHH000477: Starting delayed evictData of schema as part of SessionFactory shut-down'
2023-03-03 11:59:03,540 DEBUG org.hibernate.engine.jdbc.spi.SqlStatementLogger [SpringApplicationShutdownHook] drop table if exists employee
2023-03-03 11:59:03,550 INFO com.zaxxer.hikari.HikariDataSource [SpringApplicationShutdownHook] HikariPool-1 - Shutdown initiated...
2023-03-03 11:59:03,556 INFO com.zaxxer.hikari.HikariDataSource [SpringApplicationShutdownHook] HikariPool-1 - Shutdown completed.
